  ofApp.cpp
  Info: Boost.Config is older than your compiler version - probably nothing bad will happen - but you may wish to look for an update Boost version.  Define BOOST_CONFIG_SUPPRESS_OUTDATED_MESSAGE to suppress this message.
c:\workspace\of\of_v0.11.1_vs2017_release\libs\openframeworks\utils\ofutils.h : warning C4819: ファイルは、現在のコード ページ (932) で表示できない文字を含んでいます。データの損失を防ぐために、ファイルを Unicode 形式で保存してください。
c:\workspace\of\of_v0.11.1_vs2017_release\libs\openframeworks\math\ofvec3f.h : warning C4819: ファイルは、現在のコード ページ (932) で表示できない文字を含んでいます。データの損失を防ぐために、ファイルを Unicode 形式で保存してください。
c:\workspace\of\of_v0.11.1_vs2017_release\libs\openframeworks\math\ofvec2f.h : warning C4819: ファイルは、現在のコード ページ (932) で表示できない文字を含んでいます。データの損失を防ぐために、ファイルを Unicode 形式で保存してください。
c:\workspace\of\of_v0.11.1_vs2017_release\libs\openframeworks\math\ofmatrix4x4.h(326): warning C4267: '引数': 'size_t' から 'int' に変換しました。データが失われているかもしれません。
c:\workspace\of\of_v0.11.1_vs2017_release\libs\openframeworks\math\ofmatrix4x4.h(331): warning C4267: '引数': 'size_t' から 'int' に変換しました。データが失われているかもしれません。
c:\workspace\of\of_v0.11.1_vs2017_release\libs\openframeworks\math\ofmatrix4x4.h(912): warning C4267: '引数': 'size_t' から 'int' に変換しました。データが失われているかもしれません。
c:\workspace\of\of_v0.11.1_vs2017_release\libs\openframeworks\math\ofmatrix4x4.h(913): warning C4267: '引数': 'size_t' から 'int' に変換しました。データが失われているかもしれません。
c:\workspace\of\of_v0.11.1_vs2017_release\libs\openframeworks\math\ofmatrix4x4.h(914): warning C4267: '引数': 'size_t' から 'int' に変換しました。データが失われているかもしれません。
c:\workspace\of\of_v0.11.1_vs2017_release\libs\openframeworks\math\ofmatrix4x4.h(915): warning C4267: '引数': 'size_t' から 'int' に変換しました。データが失われているかもしれません。
c:\workspace\of\of_v0.11.1_vs2017_release\apps\myapps\soundvisualizer\src\ofapp.cpp(14): warning C4267: '=': 'size_t' から 'int' に変換しました。データが失われているかもしれません。
c:\workspace\of\of_v0.11.1_vs2017_release\apps\myapps\soundvisualizer\src\ofapp.cpp(71): warning C4267: '引数': 'size_t' から 'int' に変換しました。データが失われているかもしれません。
c:\workspace\of\of_v0.11.1_vs2017_release\apps\myapps\soundvisualizer\src\ofapp.cpp(72): warning C4267: '引数': 'size_t' から 'int' に変換しました。データが失われているかもしれません。
c:\workspace\of\of_v0.11.1_vs2017_release\apps\myapps\soundvisualizer\src\ofapp.cpp(64): warning C4996: 'ofRotateZ': Use ofRotateZDeg or ofRotateZRad
  c:\workspace\of\of_v0.11.1_vs2017_release\libs\openframeworks\graphics\ofgraphics.h(1044): note: 'ofRotateZ' の宣言を確認してください
  soundVisualizer.vcxproj -> C:\workspace\of\of_v0.11.1_vs2017_release\apps\myApps\soundVisualizer\bin\soundVisualizer_debug.exe
  
  	                   2	C:\workspace\of\of_v0.11.1_vs2017_release\libs\fmod\lib\vs\x64\
  	  *EXTRA File 		 6942208	C:\workspace\of\of_v0.11.1_vs2017_release\apps\myApps\soundVisualizer\bin\FreeImage.dll
  
  	                   1	C:\workspace\of\of_v0.11.1_vs2017_release\libs\FreeImage\lib\vs\x64\
  	  *EXTRA File 		 1826304	C:\workspace\of\of_v0.11.1_vs2017_release\apps\myApps\soundVisualizer\bin\fmod.dll
  	  *EXTRA File 		 2041856	C:\workspace\of\of_v0.11.1_vs2017_release\apps\myApps\soundVisualizer\bin\fmodL.dll
