c:\workspace\of\of_v0.11.1_vs2017_release\apps\of\jpgencoder\addons\ofxnetwork\src\ofxtcpmanager.obj
c:\workspace\of\of_v0.11.1_vs2017_release\apps\of\jpgencoder\addons\ofxnetwork\src\ofxudpmanager.obj
c:\workspace\of\of_v0.11.1_vs2017_release\apps\of\jpgencoder\addons\ofxnetwork\src\ofxtcpclient.obj
c:\workspace\of\of_v0.11.1_vs2017_release\apps\of\jpgencoder\addons\ofxnetwork\src\ofxnetworkutils.obj
c:\workspace\of\of_v0.11.1_vs2017_release\apps\of\jpgencoder\addons\ofxnetwork\src\ofxtcpserver.obj
c:\workspace\of\of_v0.11.1_vs2017_release\apps\of\jpgencoder\obj\x64\debug\vc141.pdb
c:\workspace\of\of_v0.11.1_vs2017_release\apps\of\jpgencoder\obj\x64\debug\src\main.obj
c:\workspace\of\of_v0.11.1_vs2017_release\apps\of\jpgencoder\bin\jpgencoder_debug.lib
c:\workspace\of\of_v0.11.1_vs2017_release\apps\of\jpgencoder\bin\jpgencoder_debug.exp
c:\workspace\of\of_v0.11.1_vs2017_release\apps\of\jpgencoder\bin\jpgencoder_debug.exe
c:\workspace\of\of_v0.11.1_vs2017_release\apps\of\jpgencoder\bin\jpgencoder_debug.ilk
c:\workspace\of\of_v0.11.1_vs2017_release\apps\of\jpgencoder\bin\jpgencoder_debug.pdb
c:\workspace\of\of_v0.11.1_vs2017_release\apps\of\jpgencoder\obj\x64\debug\icon.res
c:\workspace\of\of_v0.11.1_vs2017_release\apps\of\jpgencoder\obj\x64\debug\jpgencoder.tlog\cl.command.1.tlog
c:\workspace\of\of_v0.11.1_vs2017_release\apps\of\jpgencoder\obj\x64\debug\jpgencoder.tlog\cl.read.1.tlog
c:\workspace\of\of_v0.11.1_vs2017_release\apps\of\jpgencoder\obj\x64\debug\jpgencoder.tlog\cl.write.1.tlog
c:\workspace\of\of_v0.11.1_vs2017_release\apps\of\jpgencoder\obj\x64\debug\jpgencoder.tlog\jpgencoder.write.1u.tlog
c:\workspace\of\of_v0.11.1_vs2017_release\apps\of\jpgencoder\obj\x64\debug\jpgencoder.tlog\link.command.1.tlog
c:\workspace\of\of_v0.11.1_vs2017_release\apps\of\jpgencoder\obj\x64\debug\jpgencoder.tlog\link.read.1.tlog
c:\workspace\of\of_v0.11.1_vs2017_release\apps\of\jpgencoder\obj\x64\debug\jpgencoder.tlog\link.write.1.tlog
c:\workspace\of\of_v0.11.1_vs2017_release\apps\of\jpgencoder\obj\x64\debug\jpgencoder.tlog\rc.command.1.tlog
c:\workspace\of\of_v0.11.1_vs2017_release\apps\of\jpgencoder\obj\x64\debug\jpgencoder.tlog\rc.read.1.tlog
c:\workspace\of\of_v0.11.1_vs2017_release\apps\of\jpgencoder\obj\x64\debug\jpgencoder.tlog\rc.write.1.tlog
