  main.cpp
  ofApp.cpp
  Info: Boost.Config is older than your compiler version - probably nothing bad will happen - but you may wish to look for an update Boost version.  Define BOOST_CONFIG_SUPPRESS_OUTDATED_MESSAGE to suppress this message.
  Info: Boost.Config is older than your compiler version - probably nothing bad will happen - but you may wish to look for an update Boost version.  Define BOOST_CONFIG_SUPPRESS_OUTDATED_MESSAGE to suppress this message.
c:\workspace\of\of_v0.11.1_vs2017_release\libs\openframeworks\utils\ofutils.h : warning C4819: ファイルは、現在のコード ページ (932) で表示できない文字を含んでいます。データの損失を防ぐために、ファイルを Unicode 形式で保存してください。 (ソース ファイルをコンパイルしています src\main.cpp)
c:\workspace\of\of_v0.11.1_vs2017_release\libs\openframeworks\utils\ofutils.h : warning C4819: ファイルは、現在のコード ページ (932) で表示できない文字を含んでいます。データの損失を防ぐために、ファイルを Unicode 形式で保存してください。 (ソース ファイルをコンパイルしています src\ofApp.cpp)
c:\workspace\of\of_v0.11.1_vs2017_release\libs\openframeworks\math\ofvec3f.h : warning C4819: ファイルは、現在のコード ページ (932) で表示できない文字を含んでいます。データの損失を防ぐために、ファイルを Unicode 形式で保存してください。 (ソース ファイルをコンパイルしています src\main.cpp)
c:\workspace\of\of_v0.11.1_vs2017_release\libs\openframeworks\math\ofvec2f.h : warning C4819: ファイルは、現在のコード ページ (932) で表示できない文字を含んでいます。データの損失を防ぐために、ファイルを Unicode 形式で保存してください。 (ソース ファイルをコンパイルしています src\main.cpp)
c:\workspace\of\of_v0.11.1_vs2017_release\libs\openframeworks\math\ofvec3f.h : warning C4819: ファイルは、現在のコード ページ (932) で表示できない文字を含んでいます。データの損失を防ぐために、ファイルを Unicode 形式で保存してください。 (ソース ファイルをコンパイルしています src\ofApp.cpp)
c:\workspace\of\of_v0.11.1_vs2017_release\libs\openframeworks\math\ofvec2f.h : warning C4819: ファイルは、現在のコード ページ (932) で表示できない文字を含んでいます。データの損失を防ぐために、ファイルを Unicode 形式で保存してください。 (ソース ファイルをコンパイルしています src\ofApp.cpp)
  ofxNetworkUtils.cpp
  ofxTCPClient.cpp
  ofxTCPManager.cpp
  ofxTCPServer.cpp
  Info: Boost.Config is older than your compiler version - probably nothing bad will happen - but you may wish to look for an update Boost version.  Define BOOST_CONFIG_SUPPRESS_OUTDATED_MESSAGE to suppress this message.
c:\workspace\of\of_v0.11.1_vs2017_release\libs\openframeworks\utils\ofutils.h : warning C4819: ファイルは、現在のコード ページ (932) で表示できない文字を含んでいます。データの損失を防ぐために、ファイルを Unicode 形式で保存してください。 (ソース ファイルをコンパイルしています ..\..\..\addons\ofxNetwork\src\ofxTCPManager.cpp)
  Info: Boost.Config is older than your compiler version - probably nothing bad will happen - but you may wish to look for an update Boost version.  Define BOOST_CONFIG_SUPPRESS_OUTDATED_MESSAGE to suppress this message.
  Info: Boost.Config is older than your compiler version - probably nothing bad will happen - but you may wish to look for an update Boost version.  Define BOOST_CONFIG_SUPPRESS_OUTDATED_MESSAGE to suppress this message.
  ofxUDPManager.cpp
c:\workspace\of\of_v0.11.1_vs2017_release\libs\openframeworks\utils\ofutils.h : warning C4819: ファイルは、現在のコード ページ (932) で表示できない文字を含んでいます。データの損失を防ぐために、ファイルを Unicode 形式で保存してください。 (ソース ファイルをコンパイルしています ..\..\..\addons\ofxNetwork\src\ofxNetworkUtils.cpp)
c:\workspace\of\of_v0.11.1_vs2017_release\libs\openframeworks\utils\ofutils.h : warning C4819: ファイルは、現在のコード ページ (932) で表示できない文字を含んでいます。データの損失を防ぐために、ファイルを Unicode 形式で保存してください。 (ソース ファイルをコンパイルしています ..\..\..\addons\ofxNetwork\src\ofxTCPServer.cpp)
c:\workspace\of\of_v0.11.1_vs2017_release\libs\openframeworks\utils\ofutils.h : warning C4819: ファイルは、現在のコード ページ (932) で表示できない文字を含んでいます。データの損失を防ぐために、ファイルを Unicode 形式で保存してください。 (ソース ファイルをコンパイルしています ..\..\..\addons\ofxNetwork\src\ofxTCPClient.cpp)
  Info: Boost.Config is older than your compiler version - probably nothing bad will happen - but you may wish to look for an update Boost version.  Define BOOST_CONFIG_SUPPRESS_OUTDATED_MESSAGE to suppress this message.
c:\workspace\of\of_v0.11.1_vs2017_release\libs\openframeworks\utils\ofutils.h : warning C4819: ファイルは、現在のコード ページ (932) で表示できない文字を含んでいます。データの損失を防ぐために、ファイルを Unicode 形式で保存してください。 (ソース ファイルをコンパイルしています ..\..\..\addons\ofxNetwork\src\ofxUDPManager.cpp)
